Total combinations: 336
Starting at Fri Feb 27 17:14:43 UTC 2026
Batch 1 done. Progress: 6/336 (completed=6, errors=0) at Fri Feb 27 17:14:43 UTC 2026
Batch 2 done. Progress: 12/336 (completed=12, errors=0) at Fri Feb 27 17:14:43 UTC 2026
Batch 3 done. Progress: 18/336 (completed=18, errors=0) at Fri Feb 27 17:14:43 UTC 2026
Batch 4 done. Progress: 24/336 (completed=24, errors=0) at Fri Feb 27 17:14:43 UTC 2026
Batch 5 done. Progress: 30/336 (completed=30, errors=0) at Fri Feb 27 17:15:24 UTC 2026
Batch 6 done. Progress: 36/336 (completed=36, errors=0) at Fri Feb 27 17:15:57 UTC 2026
Batch 7 done. Progress: 42/336 (completed=42, errors=0) at Fri Feb 27 17:16:29 UTC 2026
Batch 8 done. Progress: 48/336 (completed=48, errors=0) at Fri Feb 27 17:17:06 UTC 2026
Batch 9 done. Progress: 54/336 (completed=54, errors=0) at Fri Feb 27 17:17:06 UTC 2026
Batch 10 done. Progress: 60/336 (completed=60, errors=0) at Fri Feb 27 17:17:06 UTC 2026
Batch 11 done. Progress: 66/336 (completed=66, errors=0) at Fri Feb 27 17:17:06 UTC 2026
Batch 12 done. Progress: 72/336 (completed=72, errors=0) at Fri Feb 27 17:17:06 UTC 2026
Batch 13 done. Progress: 78/336 (completed=78, errors=0) at Fri Feb 27 17:17:37 UTC 2026
Batch 14 done. Progress: 84/336 (completed=84, errors=0) at Fri Feb 27 17:18:18 UTC 2026
Batch 15 done. Progress: 90/336 (completed=90, errors=0) at Fri Feb 27 17:18:53 UTC 2026
Batch 16 done. Progress: 96/336 (completed=96, errors=0) at Fri Feb 27 17:19:19 UTC 2026
Batch 17 done. Progress: 102/336 (completed=102, errors=0) at Fri Feb 27 17:19:19 UTC 2026
Batch 18 done. Progress: 108/336 (completed=108, errors=0) at Fri Feb 27 17:19:19 UTC 2026
Batch 19 done. Progress: 114/336 (completed=114, errors=0) at Fri Feb 27 17:19:19 UTC 2026
Batch 20 done. Progress: 120/336 (completed=120, errors=0) at Fri Feb 27 17:20:06 UTC 2026
Batch 21 done. Progress: 126/336 (completed=126, errors=0) at Fri Feb 27 17:20:43 UTC 2026
Batch 22 done. Progress: 132/336 (completed=132, errors=0) at Fri Feb 27 17:21:20 UTC 2026
Batch 23 done. Progress: 138/336 (completed=138, errors=0) at Fri Feb 27 17:21:53 UTC 2026
Batch 24 done. Progress: 144/336 (completed=144, errors=0) at Fri Feb 27 17:22:28 UTC 2026
Batch 25 done. Progress: 150/336 (completed=150, errors=0) at Fri Feb 27 17:22:59 UTC 2026
Batch 26 done. Progress: 156/336 (completed=156, errors=0) at Fri Feb 27 17:23:28 UTC 2026
Batch 27 done. Progress: 162/336 (completed=162, errors=0) at Fri Feb 27 17:23:57 UTC 2026
Batch 28 done. Progress: 168/336 (completed=168, errors=0) at Fri Feb 27 17:24:32 UTC 2026
Batch 29 done. Progress: 174/336 (completed=174, errors=0) at Fri Feb 27 17:25:13 UTC 2026
Batch 30 done. Progress: 180/336 (completed=180, errors=0) at Fri Feb 27 17:25:50 UTC 2026
Batch 31 done. Progress: 186/336 (completed=186, errors=0) at Fri Feb 27 17:26:19 UTC 2026
Batch 32 done. Progress: 192/336 (completed=192, errors=0) at Fri Feb 27 17:26:44 UTC 2026
Batch 33 done. Progress: 198/336 (completed=198, errors=0) at Fri Feb 27 17:27:13 UTC 2026
Batch 34 done. Progress: 204/336 (completed=204, errors=0) at Fri Feb 27 17:27:34 UTC 2026
Batch 35 done. Progress: 210/336 (completed=210, errors=0) at Fri Feb 27 17:28:02 UTC 2026
Batch 36 done. Progress: 216/336 (completed=216, errors=0) at Fri Feb 27 17:28:38 UTC 2026
Batch 37 done. Progress: 222/336 (completed=222, errors=0) at Fri Feb 27 17:29:09 UTC 2026
Batch 38 done. Progress: 228/336 (completed=228, errors=0) at Fri Feb 27 17:29:43 UTC 2026
Batch 39 done. Progress: 234/336 (completed=234, errors=0) at Fri Feb 27 17:30:06 UTC 2026
Batch 40 done. Progress: 240/336 (completed=240, errors=0) at Fri Feb 27 17:30:33 UTC 2026
Batch 41 done. Progress: 246/336 (completed=246, errors=0) at Fri Feb 27 17:31:05 UTC 2026
Batch 42 done. Progress: 252/336 (completed=252, errors=0) at Fri Feb 27 17:31:30 UTC 2026
Batch 43 done. Progress: 258/336 (completed=258, errors=0) at Fri Feb 27 17:31:56 UTC 2026
Batch 44 done. Progress: 264/336 (completed=264, errors=0) at Fri Feb 27 17:32:23 UTC 2026
Batch 45 done. Progress: 270/336 (completed=270, errors=0) at Fri Feb 27 17:32:48 UTC 2026
Batch 46 done. Progress: 276/336 (completed=276, errors=0) at Fri Feb 27 17:33:22 UTC 2026
Batch 47 done. Progress: 282/336 (completed=282, errors=0) at Fri Feb 27 17:33:58 UTC 2026
Batch 48 done. Progress: 288/336 (completed=288, errors=0) at Fri Feb 27 17:34:33 UTC 2026
Batch 49 done. Progress: 294/336 (completed=294, errors=0) at Fri Feb 27 17:35:03 UTC 2026
Batch 50 done. Progress: 300/336 (completed=300, errors=0) at Fri Feb 27 17:35:40 UTC 2026
Batch 51 done. Progress: 306/336 (completed=306, errors=0) at Fri Feb 27 17:36:07 UTC 2026
Batch 52 done. Progress: 312/336 (completed=312, errors=0) at Fri Feb 27 17:36:53 UTC 2026
Batch 53 done. Progress: 318/336 (completed=318, errors=0) at Fri Feb 27 17:37:30 UTC 2026
Batch 54 done. Progress: 324/336 (completed=324, errors=0) at Fri Feb 27 17:38:01 UTC 2026
Batch 55 done. Progress: 330/336 (completed=330, errors=0) at Fri Feb 27 17:38:37 UTC 2026
Batch 56 done. Progress: 336/336 (completed=336, errors=0) at Fri Feb 27 17:39:11 UTC 2026
===== FINAL REPORT =====
Total runs: 336
Completed: 336
Errors: 0
Finished at Fri Feb 27 17:39:11 UTC 2026
